<?xml version="1.0" encoding="UTF-8"?>
<!-- Generated by org.testng.reporters.JUnitReportReporter -->
<testsuite skipped="0" hostname="jop55-dt" name="stepdefinition.PersonHome" tests="1" failures="0" timestamp="28 Jun 2018 17:20:52 GMT" time="10.506" errors="0">
  <testcase name="testBase" time="10.506" classname="stepdefinition.PersonHome"/>
</testsuite> <!-- stepdefinition.PersonHome -->
