<?xml version="1.0" encoding="UTF-8"?>
<!-- Generated by org.testng.reporters.JUnitReportReporter -->
<testsuite skipped="0" hostname="jop55-dt" name="stepdefinition.PersHome" tests="1" failures="0" timestamp="28 Jun 2018 18:29:39 GMT" time="0.008" errors="0">
  <testcase name="testBase" time="0.008" classname="stepdefinition.PersHome"/>
</testsuite> <!-- stepdefinition.PersHome -->
