<?xml version="1.0" encoding="UTF-8"?>
<!-- Generated by org.testng.reporters.JUnitReportReporter -->
<testsuite skipped="0" hostname="jop55-dt" name="com.pnc.pncdemo.TestBase" tests="1" failures="0" timestamp="28 Jun 2018 17:06:53 GMT" time="15.502" errors="0">
  <testcase name="testBase" time="15.502" classname="com.pnc.pncdemo.TestBase"/>
</testsuite> <!-- com.pnc.pncdemo.TestBase -->
