<?xml version="1.0" encoding="UTF-8"?>
<!-- Generated by org.testng.reporters.JUnitReportReporter -->
<testsuite skipped="0" hostname="DBMIADM-UT7E3RA" name="com.pnc.pncdemo.TestBase" tests="1" failures="0" timestamp="02 Jul 2018 20:52:01 GMT" time="8.816" errors="0">
  <testcase name="testBase" time="8.816" classname="com.pnc.pncdemo.TestBase"/>
</testsuite> <!-- com.pnc.pncdemo.TestBase -->
