<?xml version="1.0" encoding="UTF-8"?>
<!-- Generated by org.testng.reporters.JUnitReportReporter -->
<testsuite skipped="0" hostname="jop55-dt" name="com.pnc.pncdemo.TestBase" tests="1" failures="0" timestamp="28 Jun 2018 19:34:48 GMT" time="4.879" errors="0">
  <testcase name="testBase" time="4.879" classname="com.pnc.pncdemo.TestBase"/>
</testsuite> <!-- com.pnc.pncdemo.TestBase -->
